<?xml version="1.0" encoding="UTF-8"?>
<testsuite xmlns:xsi="http://www.w3.org/2001/XMLSchema-instance" xsi:noNamespaceSchemaLocation="https://maven.apache.org/surefire/maven-surefire-plugin/xsd/surefire-test-report-3.0.xsd" version="3.0" name="com.example.QuantityMeasurementAppTest" time="0.225" tests="68" errors="0" skipped="0" failures="0">
  <properties>
[...]
</properties>
  <testcase name="testConversion_LargeValue" classname="com.example.QuantityMeasurementAppTest" time="0.063"/>
  <testcase name="testConversion_SameUnitInch" classname="com.example.QuantityMeasurementAppTest" time="0.001"/>
  <testcase name="testConversion_FeetToYards" classname="com.example.QuantityMeasurementAppTest" time="0.004"/>
  <testcase name="testEquality_YardToFeet_NonEquivalentValue" classname="com.example.QuantityMeasurementAppTest" time="0.002"/>
  <testcase name="testConversion_RoundTrip_FeetInches" classname="com.example.QuantityMeasurementAppTest" time="0.001"/>
  <testcase name="testInchesEquality_NegativeValue" classname="com.example.QuantityMeasurementAppTest" time="0.001"/>
  <testcase name="testConversion_MultipleSequential" classname="com.example.QuantityMeasurementAppTest" time="0"/>
  <testcase name="testEquality_NonNumericInput" classname="com.example.QuantityMeasurementAppTest" time="0.001"/>
  <testcase name="testInchesEquality_NonNumericInput" classname="com.example.QuantityMeasurementAppTest" time="0.001"/>
  <testcase name="testStaticMethod_InchesEquality" classname="com.example.QuantityMeasurementAppTest" time="0.001"/>
  <testcase name="testEquality_CentimeterToCentimeter_SameValue" classname="com.example.QuantityMeasurementAppTest" time="0.001"/>
  <testcase name="testConversion_ZeroValue" classname="com.example.QuantityMeasurementAppTest" time="0.001"/>
  <testcase name="testConversion_ZeroYards" classname="com.example.QuantityMeasurementAppTest" time="0.001"/>
  <testcase name="testToString" classname="com.example.QuantityMeasurementAppTest" time="0.002"/>
  <testcase name="testEquality_TransitiveProperty" classname="com.example.QuantityMeasurementAppTest" time="0.001"/>
  <testcase name="testEquality_NullUnit" classname="com.example.QuantityMeasurementAppTest" time="0.002"/>
  <testcase name="testEquality_YardToInches_EquivalentValue" classname="com.example.QuantityMeasurementAppTest" time="0.003"/>
  <testcase name="testConversion_NegativeValue" classname="com.example.QuantityMeasurementAppTest" time="0.001"/>
  <testcase name="testConversion_NegativeYards" classname="com.example.QuantityMeasurementAppTest" time="0.001"/>
  <testcase name="testConversion_InstanceMethod_FeetToInches" classname="com.example.QuantityMeasurementAppTest" time="0.001"/>
  <testcase name="testInchesEquality_SameReference" classname="com.example.QuantityMeasurementAppTest" time="0.002"/>
  <testcase name="testEquality_InchToFeet_EquivalentValue" classname="com.example.QuantityMeasurementAppTest" time="0.001"/>
  <testcase name="testEquality_DecimalPrecision" classname="com.example.QuantityMeasurementAppTest" time="0"/>
  <testcase name="testEquality_YardToFeet_EquivalentValue" classname="com.example.QuantityMeasurementAppTest" time="0"/>
  <testcase name="testConversion_RoundTrip_CentimetersInches" classname="com.example.QuantityMeasurementAppTest" time="0"/>
  <testcase name="testInchesEquality_ZeroValue" classname="com.example.QuantityMeasurementAppTest" time="0.001"/>
  <testcase name="testInchesEquality_DifferentTypes" classname="com.example.QuantityMeasurementAppTest" time="0"/>
  <testcase name="testInchesEquality_DifferentValue" classname="com.example.QuantityMeasurementAppTest" time="0"/>
  <testcase name="testInchesEquality_SymmetricProperty" classname="com.example.QuantityMeasurementAppTest" time="0.002"/>
  <testcase name="testEquality_CentimeterToInches_EquivalentValue" classname="com.example.QuantityMeasurementAppTest" time="0.001"/>
  <testcase name="testConversion_InstanceMethod_NullUnit" classname="com.example.QuantityMeasurementAppTest" time="0.001"/>
  <testcase name="testInchesEquality_NullComparison" classname="com.example.QuantityMeasurementAppTest" time="0.001"/>
  <testcase name="testEquality_CentimeterToFeet_NonEquivalentValue" classname="com.example.QuantityMeasurementAppTest" time="0.001"/>
  <testcase name="testEquality_ZeroValue" classname="com.example.QuantityMeasurementAppTest" time="0.001"/>
  <testcase name="testConversion_InvalidUnit_Null_Source" classname="com.example.QuantityMeasurementAppTest" time="0.002"/>
  <testcase name="testConversion_InvalidUnit_Null_Target" classname="com.example.QuantityMeasurementAppTest" time="0.002"/>
  <testcase name="testEquality_NegativeValue" classname="com.example.QuantityMeasurementAppTest" time="0.002"/>
  <testcase name="testInchesEquality_DecimalPrecision" classname="com.example.QuantityMeasurementAppTest" time="0"/>
  <testcase name="testImmutability_ConvertTo" classname="com.example.QuantityMeasurementAppTest" time="0"/>
  <testcase name="testConversion_YardsToFeet" classname="com.example.QuantityMeasurementAppTest" time="0.001"/>
  <testcase name="testStaticMethod_FeetEquality" classname="com.example.QuantityMeasurementAppTest" time="0.001"/>
  <testcase name="testConversion_InvalidValue_NaN" classname="com.example.QuantityMeasurementAppTest" time="0.002"/>
  <testcase name="testEquality_YardToYard_SameValue" classname="com.example.QuantityMeasurementAppTest" time="0"/>
  <testcase name="testEquality_YardToYard_DifferentValue" classname="com.example.QuantityMeasurementAppTest" time="0.001"/>
  <testcase name="testConversion_FeetToInches" classname="com.example.QuantityMeasurementAppTest" time="0"/>
  <testcase name="testEquality_MultiUnit_TransitiveProperty" classname="com.example.QuantityMeasurementAppTest" time="0"/>
  <testcase name="testInchesEquality_SameValue" classname="com.example.QuantityMeasurementAppTest" time="0"/>
  <testcase name="testEquality_SameValue" classname="com.example.QuantityMeasurementAppTest" time="0"/>
  <testcase name="testConversion_InstanceMethod_YardsToFeet" classname="com.example.QuantityMeasurementAppTest" time="0.001"/>
  <testcase name="testEquality_DifferentValue" classname="com.example.QuantityMeasurementAppTest" time="0.001"/>
  <testcase name="testConversion_InchesToYards" classname="com.example.QuantityMeasurementAppTest" time="0.001"/>
  <testcase name="testEquality_SameReference" classname="com.example.QuantityMeasurementAppTest" time="0.001"/>
  <testcase name="testEquality_NullComparison" classname="com.example.QuantityMeasurementAppTest" time="0.001"/>
  <testcase name="testConversion_DecimalValue" classname="com.example.QuantityMeasurementAppTest" time="0.001"/>
  <testcase name="testInchesEquality_TransitiveProperty" classname="com.example.QuantityMeasurementAppTest" time="0.001"/>
  <testcase name="testConversion_SmallValue" classname="com.example.QuantityMeasurementAppTest" time="0"/>
  <testcase name="testEquality_SymmetricProperty" classname="com.example.QuantityMeasurementAppTest" time="0.001"/>
  <testcase name="testConversion_RoundTrip_YardsFeet" classname="com.example.QuantityMeasurementAppTest" time="0.001"/>
  <testcase name="testConversion_SameUnit" classname="com.example.QuantityMeasurementAppTest" time="0.001"/>
  <testcase name="testConversion_InchesToFeet" classname="com.example.QuantityMeasurementAppTest" time="0"/>
  <testcase name="testValueObjectSemantics_ConvertedEquality" classname="com.example.QuantityMeasurementAppTest" time="0"/>
  <testcase name="testEquality_InvalidValue" classname="com.example.QuantityMeasurementAppTest" time="0.002"/>
  <testcase name="testConversion_FeetToCentimeters" classname="com.example.QuantityMeasurementAppTest" time="0.001"/>
  <testcase name="testConversion_CentimetersToInches" classname="com.example.QuantityMeasurementAppTest" time="0.001"/>
  <testcase name="testConversion_CentimeterToInch" classname="com.example.QuantityMeasurementAppTest" time="0.001"/>
  <testcase name="testConversion_InvalidValue_NegativeInfinity" classname="com.example.QuantityMeasurementAppTest" time="0.001"/>
  <testcase name="testConversion_InvalidValue_Infinity" classname="com.example.QuantityMeasurementAppTest" time="0.001"/>
  <testcase name="testConversion_YardsToInches" classname="com.example.QuantityMeasurementAppTest" time="0"/>
</testsuite>